<?xml version="1.0" encoding="UTF-8"?>
<!-- Generated by org.testng.reporters.JUnitXMLReporter -->
<testsuite hostname="ATMECSINLT-407" ignored="0" name="Test" tests="4" failures="0" timestamp="2020-10-12T18:47:32 IST" time="51.83" errors="0">
  <testcase name="addtoCart" time="11.4" classname="com.atmecs.parallel.testscripts.AddToCart"/>
  <testcase name="login" time="0.787" classname="com.atmecs.parallel.testscripts.Login"/>
  <testcase name="register" time="0.569" classname="com.atmecs.parallel.testscripts.Registration"/>
  <testcase name="contactus" time="0.824" classname="com.atmecs.parallel.testscripts.ContactUs"/>
</testsuite> <!-- Test -->
