<?xml version="1.0" encoding="UTF-8"?>
<testng-results skipped="0" failed="0" ignored="0" total="4" passed="4">
  <reporter-output>
  </reporter-output>
  <suite name="Suite" duration-ms="51830" started-at="2020-10-12T18:46:41 IST" finished-at="2020-10-12T18:47:32 IST">
    <groups>
    </groups>
    <test name="Test" duration-ms="51830" started-at="2020-10-12T18:46:41 IST" finished-at="2020-10-12T18:47:32 IST">
      <class name="com.atmecs.parallel.testscripts.AddToCart">
        <test-method status="PASS" signature="lunchBrowser()[pri:0, instance:com.atmecs.parallel.testscripts.AddToCart@1ed4004b]" name="lunchBrowser" is-config="true" duration-ms="11432" started-at="2020-10-12T18:46:41 IST" finished-at="2020-10-12T18:46:52 IST">
          <reporter-output>
          </reporter-output>
        </test-method> <!-- lunchBrowser -->
        <test-method status="PASS" signature="addtoCart()[pri:4, instance:com.atmecs.parallel.testscripts.AddToCart@1ed4004b]" name="addtoCart" duration-ms="11400" started-at="2020-10-12T18:46:52 IST" finished-at="2020-10-12T18:47:03 IST">
          <reporter-output>
          </reporter-output>
        </test-method> <!-- addtoCart -->
        <test-method status="PASS" signature="closeBrowser()[pri:0, instance:com.atmecs.parallel.testscripts.AddToCart@1ed4004b]" name="closeBrowser" is-config="true" duration-ms="2363" started-at="2020-10-12T18:47:03 IST" finished-at="2020-10-12T18:47:06 IST">
          <reporter-output>
          </reporter-output>
        </test-method> <!-- closeBrowser -->
      </class> <!-- com.atmecs.parallel.testscripts.AddToCart -->
      <class name="com.atmecs.parallel.testscripts.Registration">
        <test-method status="PASS" signature="lunchBrowser()[pri:0, instance:com.atmecs.parallel.testscripts.Registration@25bbe1b6]" name="lunchBrowser" is-config="true" duration-ms="5922" started-at="2020-10-12T18:47:15 IST" finished-at="2020-10-12T18:47:21 IST">
          <reporter-output>
          </reporter-output>
        </test-method> <!-- lunchBrowser -->
        <test-method status="PASS" signature="register()[pri:1, instance:com.atmecs.parallel.testscripts.Registration@25bbe1b6]" name="register" duration-ms="569" started-at="2020-10-12T18:47:21 IST" finished-at="2020-10-12T18:47:22 IST">
          <reporter-output>
          </reporter-output>
        </test-method> <!-- register -->
        <test-method status="PASS" signature="closeBrowser()[pri:0, instance:com.atmecs.parallel.testscripts.Registration@25bbe1b6]" name="closeBrowser" is-config="true" duration-ms="1407" started-at="2020-10-12T18:47:22 IST" finished-at="2020-10-12T18:47:23 IST">
          <reporter-output>
          </reporter-output>
        </test-method> <!-- closeBrowser -->
      </class> <!-- com.atmecs.parallel.testscripts.Registration -->
      <class name="com.atmecs.parallel.testscripts.Login">
        <test-method status="PASS" signature="lunchBrowser()[pri:0, instance:com.atmecs.parallel.testscripts.Login@ff5b51f]" name="lunchBrowser" is-config="true" duration-ms="6370" started-at="2020-10-12T18:47:06 IST" finished-at="2020-10-12T18:47:12 IST">
          <reporter-output>
          </reporter-output>
        </test-method> <!-- lunchBrowser -->
        <test-method status="PASS" signature="login()[pri:2, instance:com.atmecs.parallel.testscripts.Login@ff5b51f]" name="login" duration-ms="787" started-at="2020-10-12T18:47:12 IST" finished-at="2020-10-12T18:47:13 IST">
          <reporter-output>
          </reporter-output>
        </test-method> <!-- login -->
        <test-method status="PASS" signature="closeBrowser()[pri:0, instance:com.atmecs.parallel.testscripts.Login@ff5b51f]" name="closeBrowser" is-config="true" duration-ms="2024" started-at="2020-10-12T18:47:13 IST" finished-at="2020-10-12T18:47:15 IST">
          <reporter-output>
          </reporter-output>
        </test-method> <!-- closeBrowser -->
      </class> <!-- com.atmecs.parallel.testscripts.Login -->
      <class name="com.atmecs.parallel.testscripts.ContactUs">
        <test-method status="PASS" signature="lunchBrowser()[pri:0, instance:com.atmecs.parallel.testscripts.ContactUs@5702b3b1]" name="lunchBrowser" is-config="true" duration-ms="6848" started-at="2020-10-12T18:47:23 IST" finished-at="2020-10-12T18:47:30 IST">
          <reporter-output>
          </reporter-output>
        </test-method> <!-- lunchBrowser -->
        <test-method status="PASS" signature="contactus()[pri:3, instance:com.atmecs.parallel.testscripts.ContactUs@5702b3b1]" name="contactus" duration-ms="824" started-at="2020-10-12T18:47:30 IST" finished-at="2020-10-12T18:47:31 IST">
          <reporter-output>
          </reporter-output>
        </test-method> <!-- contactus -->
        <test-method status="PASS" signature="closeBrowser()[pri:0, instance:com.atmecs.parallel.testscripts.ContactUs@5702b3b1]" name="closeBrowser" is-config="true" duration-ms="1800" started-at="2020-10-12T18:47:31 IST" finished-at="2020-10-12T18:47:32 IST">
          <reporter-output>
          </reporter-output>
        </test-method> <!-- closeBrowser -->
      </class> <!-- com.atmecs.parallel.testscripts.ContactUs -->
    </test> <!-- Test -->
  </suite> <!-- Suite -->
</testng-results>
