<?xml version="1.0" encoding="UTF-8"?>
<testng-results skipped="0" failed="0" ignored="0" total="1" passed="1">
  <reporter-output>
  </reporter-output>
  <suite name="Default suite" duration-ms="8558" started-at="2020-10-12T16:56:56 IST" finished-at="2020-10-12T16:57:04 IST">
    <groups>
    </groups>
    <test name="Default test" duration-ms="8558" started-at="2020-10-12T16:56:56 IST" finished-at="2020-10-12T16:57:04 IST">
      <class name="com.atmecs.parallel.testscripts.Login">
        <test-method status="PASS" signature="lunchBrowser()[pri:0, instance:com.atmecs.parallel.testscripts.Login@4bbfb90a]" name="lunchBrowser" is-config="true" duration-ms="6008" started-at="2020-10-12T16:56:56 IST" finished-at="2020-10-12T16:57:02 IST">
          <reporter-output>
          </reporter-output>
        </test-method> <!-- lunchBrowser -->
        <test-method status="PASS" signature="login()[pri:2, instance:com.atmecs.parallel.testscripts.Login@4bbfb90a]" name="login" duration-ms="765" started-at="2020-10-12T16:57:02 IST" finished-at="2020-10-12T16:57:03 IST">
          <reporter-output>
          </reporter-output>
        </test-method> <!-- login -->
        <test-method status="PASS" signature="closeBrowser()[pri:0, instance:com.atmecs.parallel.testscripts.Login@4bbfb90a]" name="closeBrowser" is-config="true" duration-ms="1724" started-at="2020-10-12T16:57:03 IST" finished-at="2020-10-12T16:57:04 IST">
          <reporter-output>
          </reporter-output>
        </test-method> <!-- closeBrowser -->
      </class> <!-- com.atmecs.parallel.testscripts.Login -->
    </test> <!-- Default test -->
  </suite> <!-- Default suite -->
</testng-results>
